.;lib/activation-1.1.jar;lib/commons-collections-3.1.jar;lib/commons-lang-2.1.jar;lib/jackson-core-asl-1.9.13.jar;lib/jackson-mapper-asl-1.9.13.jar;lib/jaxb-api-2.1.jar;lib/jaxb-impl-2.1.3.jar;lib/jaxws-api-2.1.jar;lib/jaxws-json-1.1.jar;lib/jaxws-rt-2.1.2-alpha-20070426.jar;lib/jettison-1.0-beta-1.jar;lib/json-20141113.jar;lib/jsr311-api-1.1.1.jar;lib/junit-3.8.1.jar;lib/oro-2.0.8.jar;lib/relaxngDatatype-1.0.jar;lib/saaj-api-1.3.jar;lib/saaj-impl-1.3.jar;lib/sjsxp-1.0.jar;lib/stax-api-1.0.1.jar;lib/stax-api-1.0.jar;lib/stax-ex-1.0.jar;lib/streambuffer-0.6.jar;lib/velocity-1.5.jar;lib/xsom-20070323.jar;lib/quartz-2.2.1.jar;lib/c3p0-0.9.1.1.jar;lib/slf4j-api-1.6.6.jar
Web connector webservice integrator is running in http://0.0.0.0:54320/GeneralQueryRqSoapImpl
Mobile Synchronizer Service  is running in http://0.0.0.0:54320/SyncService
inventorybysitejob programmated to run
creditMemojob programmated to run
taxjob programmated to run
customerjob programmated to run
termjob programmated to run
salesrepjob programmated to run
employeejob programmated to run
itemjob programmated to run
running job cache inventorybysite operations <ItemSitesQueryRq><ActiveStatus>All</ActiveStatus></ItemSitesQueryRq>
running job cache creditMemo operations <CreditMemoQueryRq requestID="crmem0001"><TxnDateRangeFilter><DateMacro>LastMonthToDate</DateMacro></TxnDateRangeFilter><IncludeLineItems>true</IncludeLineItems><IncludeLinkedTxns>true</IncludeLinkedTxns></CreditMemoQueryRq>
running job cache tax operations <SalesTaxCodeQueryRq  requestID="tax1"><ActiveStatus>ActiveOnly</ActiveStatus></SalesTaxCodeQueryRq>
running job cache customer operations <CustomerQueryRq  requestID="aaa2"><MaxReturned>5000</MaxReturned><OwnerID>0</OwnerID></CustomerQueryRq>
invoicejob programmated to run
running job cache term operations <TermsQueryRq  requestID="Term1"><ActiveStatus>ActiveOnly</ActiveStatus></TermsQueryRq>
running job cache employee operations <EmployeeQueryRq requestID="e1"><OwnerID>0</OwnerID></EmployeeQueryRq>
running job cache salesrep operations <SalesRepQueryRq requestID="sr1"></SalesRepQueryRq>
running job cache item operations <ItemQueryRq></ItemQueryRq>
running job cache invoice operations <InvoiceQueryRq requestID="invoice1"><TxnDateRangeFilter><DateMacro>LastMonthToDate</DateMacro></TxnDateRangeFilter><IncludeLineItems>true</IncludeLineItems><IncludeLinkedTxns>true</IncludeLinkedTxns></InvoiceQueryRq>
vendorjob programmated to run
running job cache vendor operations <VendorQueryRq  requestID="vendorAll1"></VendorQueryRq>
classjob programmated to run
receivePaymentjob programmated to run
customerMsgjob programmated to run
priceleveljob programmated to run
paymentmethodjob programmated to run
job finish employee
job finish salesrep
job finish inventorybysite
job finish tax
job finish term
job finish creditMemo
running job cache receivePayment operations <ReceivePaymentQueryRq requestID="receivep0001"><TxnDateRangeFilter><DateMacro>LastMonthToDate</DateMacro></TxnDateRangeFilter><IncludeLineItems>true</IncludeLineItems></ReceivePaymentQueryRq>
running job cache class operations <ClassQueryRq  requestID="Class1"><ActiveStatus>ActiveOnly</ActiveStatus></ClassQueryRq>
running job cache customerMsg operations <CustomerMsgQueryRq  requestID="customermsg1"></CustomerMsgQueryRq>
job finish vendor
running job cache paymentmethod operations <PaymentMethodQueryRq  requestID="pm1"><ActiveStatus>ActiveOnly</ActiveStatus></PaymentMethodQueryRq>
running job cache pricelevel operations <PriceLevelQueryRq  requestID="pl"></PriceLevelQueryRq>
job finish item
job finish customer
job finish invoice
job finish class
job finish receivePayment
job finish customerMsg
job finish pricelevel
job finish paymentmethod
